[1.417s] DEBUG:colcon:Command line arguments: ['/usr/bin/colcon', 'build']
[1.417s] DEBUG:colcon:Parsed command line arguments: Namespace(allow_overriding=[], ament_cmake_args=None, base_paths=['.'], build_base='build', catkin_cmake_args=None, catkin_skip_building_tests=False, cmake_args=None, cmake_clean_cache=False, cmake_clean_first=False, cmake_force_configure=False, cmake_target=None, cmake_target_skip_unavailable=False, continue_on_error=False, event_handlers=None, executor='parallel', ignore_user_meta=False, install_base='install', log_base=None, log_level=None, main=<bound method BuildVerb.main of <colcon_core.verb.build.BuildVerb object at 0x7f7d53b8e280>>, merge_install=False, metas=['./colcon.meta'], packages_above=None, packages_above_and_dependencies=None, packages_above_depth=None, packages_end=None, packages_ignore=None, packages_ignore_regex=None, packages_select=None, packages_select_build_failed=False, packages_select_by_dep=None, packages_select_regex=None, packages_select_test_failures=False, packages_skip=None, packages_skip_build_finished=False, packages_skip_by_dep=None, packages_skip_regex=None, packages_skip_test_passed=False, packages_skip_up_to=None, packages_start=None, packages_up_to=None, packages_up_to_regex=None, parallel_workers=8, paths=None, symlink_install=False, test_result_base=None, verb_extension=<colcon_core.verb.build.BuildVerb object at 0x7f7d53b8e280>, verb_name='build', verb_parser=<colcon_defaults.argument_parser.defaults.DefaultArgumentsDecorator object at 0x7f7d5374d790>)
[1.480s] Level 1:colcon.colcon_core.package_discovery:discover_packages(colcon_meta) check parameters
[1.480s] Level 1:colcon.colcon_core.package_discovery:discover_packages(recursive) check parameters
[1.480s] Level 1:colcon.colcon_core.package_discovery:discover_packages(ignore) check parameters
[1.480s] Level 1:colcon.colcon_core.package_discovery:discover_packages(path) check parameters
[1.480s] Level 1:colcon.colcon_core.package_discovery:discover_packages(colcon_meta) discover
[1.480s] Level 1:colcon.colcon_core.package_discovery:discover_packages(recursive) discover
[1.480s] INFO:colcon.colcon_core.package_discovery:Crawling recursively for packages in '/home/trung/Project/Study/1st_year/3rd_sem/fundamental_robotics/week1/ros2_ws'
[1.480s] Level 1:colcon.colcon_core.package_identification:_identify(.) by extensions ['ignore', 'ignore_ament_install']
[1.481s] Level 1:colcon.colcon_core.package_identification:_identify(.) by extension 'ignore'
[1.481s] Level 1:colcon.colcon_core.package_identification:_identify(.) by extension 'ignore_ament_install'
[1.481s] Level 1:colcon.colcon_core.package_identification:_identify(.) by extensions ['colcon_pkg']
[1.481s] Level 1:colcon.colcon_core.package_identification:_identify(.) by extension 'colcon_pkg'
[1.481s] Level 1:colcon.colcon_core.package_identification:_identify(.) by extensions ['colcon_meta']
[1.481s] Level 1:colcon.colcon_core.package_identification:_identify(.) by extension 'colcon_meta'
[1.481s] Level 1:colcon.colcon_core.package_identification:_identify(.) by extensions ['ros']
[1.481s] Level 1:colcon.colcon_core.package_identification:_identify(.) by extension 'ros'
[1.488s] Level 1:colcon.colcon_core.package_identification:_identify(.) by extensions ['cmake', 'python']
[1.488s] Level 1:colcon.colcon_core.package_identification:_identify(.) by extension 'cmake'
[1.488s] Level 1:colcon.colcon_core.package_identification:_identify(.) by extension 'python'
[1.488s] Level 1:colcon.colcon_core.package_identification:_identify(.) by extensions ['python_setup_py']
[1.488s] Level 1:colcon.colcon_core.package_identification:_identify(.) by extension 'python_setup_py'
[1.488s] Level 1:colcon.colcon_core.package_identification:_identify(build) by extensions ['ignore', 'ignore_ament_install']
[1.488s] Level 1:colcon.colcon_core.package_identification:_identify(build) by extension 'ignore'
[1.488s] Level 1:colcon.colcon_core.package_identification:_identify(build) ignored
[1.488s] Level 1:colcon.colcon_core.package_identification:_identify(install) by extensions ['ignore', 'ignore_ament_install']
[1.488s] Level 1:colcon.colcon_core.package_identification:_identify(install) by extension 'ignore'
[1.488s] Level 1:colcon.colcon_core.package_identification:_identify(install) ignored
[1.488s] Level 1:colcon.colcon_core.package_identification:_identify(log) by extensions ['ignore', 'ignore_ament_install']
[1.488s] Level 1:colcon.colcon_core.package_identification:_identify(log) by extension 'ignore'
[1.488s] Level 1:colcon.colcon_core.package_identification:_identify(log) ignored
[1.488s] Level 1:colcon.colcon_core.package_identification:_identify(src) by extensions ['ignore', 'ignore_ament_install']
[1.488s] Level 1:colcon.colcon_core.package_identification:_identify(src) by extension 'ignore'
[1.488s] Level 1:colcon.colcon_core.package_identification:_identify(src) by extension 'ignore_ament_install'
[1.488s] Level 1:colcon.colcon_core.package_identification:_identify(src) by extensions ['colcon_pkg']
[1.489s] Level 1:colcon.colcon_core.package_identification:_identify(src) by extension 'colcon_pkg'
[1.489s] Level 1:colcon.colcon_core.package_identification:_identify(src) by extensions ['colcon_meta']
[1.489s] Level 1:colcon.colcon_core.package_identification:_identify(src) by extension 'colcon_meta'
[1.489s] Level 1:colcon.colcon_core.package_identification:_identify(src) by extensions ['ros']
[1.489s] Level 1:colcon.colcon_core.package_identification:_identify(src) by extension 'ros'
[1.489s] Level 1:colcon.colcon_core.package_identification:_identify(src) by extensions ['cmake', 'python']
[1.489s] Level 1:colcon.colcon_core.package_identification:_identify(src) by extension 'cmake'
[1.489s] Level 1:colcon.colcon_core.package_identification:_identify(src) by extension 'python'
[1.489s] Level 1:colcon.colcon_core.package_identification:_identify(src) by extensions ['python_setup_py']
[1.489s] Level 1:colcon.colcon_core.package_identification:_identify(src) by extension 'python_setup_py'
[1.489s] Level 1:colcon.colcon_core.package_identification:_identify(src/test_pkg) by extensions ['ignore', 'ignore_ament_install']
[1.489s] Level 1:colcon.colcon_core.package_identification:_identify(src/test_pkg) by extension 'ignore'
[1.489s] Level 1:colcon.colcon_core.package_identification:_identify(src/test_pkg) by extension 'ignore_ament_install'
[1.489s] Level 1:colcon.colcon_core.package_identification:_identify(src/test_pkg) by extensions ['colcon_pkg']
[1.489s] Level 1:colcon.colcon_core.package_identification:_identify(src/test_pkg) by extension 'colcon_pkg'
[1.489s] Level 1:colcon.colcon_core.package_identification:_identify(src/test_pkg) by extensions ['colcon_meta']
[1.489s] Level 1:colcon.colcon_core.package_identification:_identify(src/test_pkg) by extension 'colcon_meta'
[1.489s] Level 1:colcon.colcon_core.package_identification:_identify(src/test_pkg) by extensions ['ros']
[1.489s] Level 1:colcon.colcon_core.package_identification:_identify(src/test_pkg) by extension 'ros'
[1.491s] DEBUG:colcon.colcon_core.package_identification:Package 'src/test_pkg' with type 'ros.ament_python' and name 'test_pkg'
[1.491s] Level 1:colcon.colcon_core.package_discovery:discover_packages(recursive) using defaults
[1.491s] Level 1:colcon.colcon_core.package_discovery:discover_packages(ignore) discover
[1.491s] Level 1:colcon.colcon_core.package_discovery:discover_packages(ignore) using defaults
[1.491s] Level 1:colcon.colcon_core.package_discovery:discover_packages(path) discover
[1.491s] Level 1:colcon.colcon_core.package_discovery:discover_packages(path) using defaults
[1.614s] Level 1:colcon.colcon_core.package_discovery:discover_packages(prefix_path) check parameters
[1.614s] Level 1:colcon.colcon_core.package_discovery:discover_packages(prefix_path) discover
[1.660s] DEBUG:colcon.colcon_installed_package_information.package_discovery:Found 1 installed packages in /home/trung/Project/Study/1st_year/3rd_sem/fundamental_robotics/week1/ros2_ws/install
[1.683s] DEBUG:colcon.colcon_installed_package_information.package_discovery:Found 268 installed packages in /opt/ros/galactic
[1.684s] Level 1:colcon.colcon_core.package_discovery:discover_packages(prefix_path) using defaults
[1.784s] Level 5:colcon.colcon_core.verb:set package 'test_pkg' build argument 'cmake_args' from command line to 'None'
[1.784s] Level 5:colcon.colcon_core.verb:set package 'test_pkg' build argument 'cmake_target' from command line to 'None'
[1.784s] Level 5:colcon.colcon_core.verb:set package 'test_pkg' build argument 'cmake_target_skip_unavailable' from command line to 'False'
[1.784s] Level 5:colcon.colcon_core.verb:set package 'test_pkg' build argument 'cmake_clean_cache' from command line to 'False'
[1.784s] Level 5:colcon.colcon_core.verb:set package 'test_pkg' build argument 'cmake_clean_first' from command line to 'False'
[1.784s] Level 5:colcon.colcon_core.verb:set package 'test_pkg' build argument 'cmake_force_configure' from command line to 'False'
[1.784s] Level 5:colcon.colcon_core.verb:set package 'test_pkg' build argument 'ament_cmake_args' from command line to 'None'
[1.784s] Level 5:colcon.colcon_core.verb:set package 'test_pkg' build argument 'catkin_cmake_args' from command line to 'None'
[1.784s] Level 5:colcon.colcon_core.verb:set package 'test_pkg' build argument 'catkin_skip_building_tests' from command line to 'False'
[1.784s] DEBUG:colcon.colcon_core.verb:Building package 'test_pkg' with the following arguments: {'ament_cmake_args': None, 'build_base': '/home/trung/Project/Study/1st_year/3rd_sem/fundamental_robotics/week1/ros2_ws/build/test_pkg', 'catkin_cmake_args': None, 'catkin_skip_building_tests': False, 'cmake_args': None, 'cmake_clean_cache': False, 'cmake_clean_first': False, 'cmake_force_configure': False, 'cmake_target': None, 'cmake_target_skip_unavailable': False, 'install_base': '/home/trung/Project/Study/1st_year/3rd_sem/fundamental_robotics/week1/ros2_ws/install/test_pkg', 'merge_install': False, 'path': '/home/trung/Project/Study/1st_year/3rd_sem/fundamental_robotics/week1/ros2_ws/src/test_pkg', 'symlink_install': False, 'test_result_base': None}
[1.807s] INFO:colcon.colcon_core.executor:Executing jobs using 'parallel' executor
[1.830s] DEBUG:colcon.colcon_parallel_executor.executor.parallel:run_until_complete
[1.830s] INFO:colcon.colcon_ros.task.ament_python.build:Building ROS package in '/home/trung/Project/Study/1st_year/3rd_sem/fundamental_robotics/week1/ros2_ws/src/test_pkg' with build type 'ament_python'
[1.830s] Level 1:colcon.colcon_core.shell:create_environment_hook('test_pkg', 'ament_prefix_path')
[1.855s] INFO:colcon.colcon_core.plugin_system:Skipping extension 'colcon_core.shell.bat': Not used on non-Windows systems
[1.855s] INFO:colcon.colcon_core.shell:Creating environment hook '/home/trung/Project/Study/1st_year/3rd_sem/fundamental_robotics/week1/ros2_ws/install/test_pkg/share/test_pkg/hook/ament_prefix_path.ps1'
[1.856s] INFO:colcon.colcon_core.shell:Creating environment descriptor '/home/trung/Project/Study/1st_year/3rd_sem/fundamental_robotics/week1/ros2_ws/install/test_pkg/share/test_pkg/hook/ament_prefix_path.dsv'
[1.856s] INFO:colcon.colcon_core.shell:Creating environment hook '/home/trung/Project/Study/1st_year/3rd_sem/fundamental_robotics/week1/ros2_ws/install/test_pkg/share/test_pkg/hook/ament_prefix_path.sh'
[1.880s] INFO:colcon.colcon_core.shell:Skip shell extension 'powershell' for command environment: Not usable outside of PowerShell
[1.880s] DEBUG:colcon.colcon_core.shell:Skip shell extension 'dsv' for command environment
[2.098s] INFO:colcon.colcon_core.task.python.build:Building Python package in '/home/trung/Project/Study/1st_year/3rd_sem/fundamental_robotics/week1/ros2_ws/src/test_pkg'
[2.122s] INFO:colcon.colcon_core.shell:Skip shell extension 'powershell' for command environment: Not usable outside of PowerShell
[2.122s] DEBUG:colcon.colcon_core.shell:Skip shell extension 'dsv' for command environment
[2.434s] DEBUG:colcon.colcon_core.event_handler.log_command:Invoking command in '/home/trung/Project/Study/1st_year/3rd_sem/fundamental_robotics/week1/ros2_ws/src/test_pkg': CONDA_PROMPT_MODIFIER=(base) PYTHONPATH=/home/trung/Project/Study/1st_year/3rd_sem/fundamental_robotics/week1/ros2_ws/build/test_pkg/prefix_override:/home/trung/Project/Study/1st_year/3rd_sem/fundamental_robotics/week1/ros2_ws/install/test_pkg/lib/python3.8/site-packages:${PYTHONPATH} /usr/bin/python3 setup.py egg_info --egg-base ../../build/test_pkg build --build-base /home/trung/Project/Study/1st_year/3rd_sem/fundamental_robotics/week1/ros2_ws/build/test_pkg/build install --record /home/trung/Project/Study/1st_year/3rd_sem/fundamental_robotics/week1/ros2_ws/build/test_pkg/install.log --single-version-externally-managed
[2.620s] DEBUG:colcon.colcon_core.event_handler.log_command:Invoked command in '/home/trung/Project/Study/1st_year/3rd_sem/fundamental_robotics/week1/ros2_ws/src/test_pkg' returned '0': CONDA_PROMPT_MODIFIER=(base) PYTHONPATH=/home/trung/Project/Study/1st_year/3rd_sem/fundamental_robotics/week1/ros2_ws/build/test_pkg/prefix_override:/home/trung/Project/Study/1st_year/3rd_sem/fundamental_robotics/week1/ros2_ws/install/test_pkg/lib/python3.8/site-packages:${PYTHONPATH} /usr/bin/python3 setup.py egg_info --egg-base ../../build/test_pkg build --build-base /home/trung/Project/Study/1st_year/3rd_sem/fundamental_robotics/week1/ros2_ws/build/test_pkg/build install --record /home/trung/Project/Study/1st_year/3rd_sem/fundamental_robotics/week1/ros2_ws/build/test_pkg/install.log --single-version-externally-managed
[2.645s] Level 1:colcon.colcon_core.environment:checking '/home/trung/Project/Study/1st_year/3rd_sem/fundamental_robotics/week1/ros2_ws/install/test_pkg' for CMake module files
[2.645s] Level 1:colcon.colcon_core.environment:checking '/home/trung/Project/Study/1st_year/3rd_sem/fundamental_robotics/week1/ros2_ws/install/test_pkg' for CMake config files
[2.646s] Level 1:colcon.colcon_core.environment:checking '/home/trung/Project/Study/1st_year/3rd_sem/fundamental_robotics/week1/ros2_ws/install/test_pkg/lib'
[2.646s] Level 1:colcon.colcon_core.environment:checking '/home/trung/Project/Study/1st_year/3rd_sem/fundamental_robotics/week1/ros2_ws/install/test_pkg/bin'
[2.646s] Level 1:colcon.colcon_core.environment:checking '/home/trung/Project/Study/1st_year/3rd_sem/fundamental_robotics/week1/ros2_ws/install/test_pkg/lib/pkgconfig/test_pkg.pc'
[2.646s] Level 1:colcon.colcon_core.environment:checking '/home/trung/Project/Study/1st_year/3rd_sem/fundamental_robotics/week1/ros2_ws/install/test_pkg/lib/python3.8/site-packages'
[2.646s] Level 1:colcon.colcon_core.shell:create_environment_hook('test_pkg', 'pythonpath')
[2.670s] INFO:colcon.colcon_core.shell:Creating environment hook '/home/trung/Project/Study/1st_year/3rd_sem/fundamental_robotics/week1/ros2_ws/install/test_pkg/share/test_pkg/hook/pythonpath.ps1'
[2.671s] INFO:colcon.colcon_core.shell:Creating environment descriptor '/home/trung/Project/Study/1st_year/3rd_sem/fundamental_robotics/week1/ros2_ws/install/test_pkg/share/test_pkg/hook/pythonpath.dsv'
[2.671s] INFO:colcon.colcon_core.shell:Creating environment hook '/home/trung/Project/Study/1st_year/3rd_sem/fundamental_robotics/week1/ros2_ws/install/test_pkg/share/test_pkg/hook/pythonpath.sh'
[2.672s] Level 1:colcon.colcon_core.environment:checking '/home/trung/Project/Study/1st_year/3rd_sem/fundamental_robotics/week1/ros2_ws/install/test_pkg/bin'
[2.672s] Level 1:colcon.colcon_core.environment:create_environment_scripts_only(test_pkg)
[2.695s] INFO:colcon.colcon_core.shell:Creating package script '/home/trung/Project/Study/1st_year/3rd_sem/fundamental_robotics/week1/ros2_ws/install/test_pkg/share/test_pkg/package.ps1'
[2.695s] INFO:colcon.colcon_core.shell:Creating package descriptor '/home/trung/Project/Study/1st_year/3rd_sem/fundamental_robotics/week1/ros2_ws/install/test_pkg/share/test_pkg/package.dsv'
[2.696s] INFO:colcon.colcon_core.shell:Creating package script '/home/trung/Project/Study/1st_year/3rd_sem/fundamental_robotics/week1/ros2_ws/install/test_pkg/share/test_pkg/package.sh'
[2.696s] INFO:colcon.colcon_core.shell:Creating package script '/home/trung/Project/Study/1st_year/3rd_sem/fundamental_robotics/week1/ros2_ws/install/test_pkg/share/test_pkg/package.bash'
[2.697s] INFO:colcon.colcon_core.shell:Creating package script '/home/trung/Project/Study/1st_year/3rd_sem/fundamental_robotics/week1/ros2_ws/install/test_pkg/share/test_pkg/package.zsh'
[2.697s] Level 1:colcon.colcon_core.environment:create_file_with_runtime_dependencies(/home/trung/Project/Study/1st_year/3rd_sem/fundamental_robotics/week1/ros2_ws/install/test_pkg/share/colcon-core/packages/test_pkg)
[2.697s] DEBUG:colcon.colcon_parallel_executor.executor.parallel:closing loop
[2.697s] DEBUG:colcon.colcon_parallel_executor.executor.parallel:loop closed
[2.697s] DEBUG:colcon.colcon_parallel_executor.executor.parallel:run_until_complete finished with '0'
[2.698s] DEBUG:colcon.colcon_core.event_reactor:joining thread
[2.726s] INFO:colcon.colcon_core.plugin_system:Skipping extension 'colcon_notification.desktop_notification.terminal_notifier': Not used on non-Darwin systems
[2.726s] INFO:colcon.colcon_core.plugin_system:Skipping extension 'colcon_notification.desktop_notification.win32': Not used on non-Windows systems
[2.726s] INFO:colcon.colcon_notification.desktop_notification:Sending desktop notification using 'notify2'
[2.737s] DEBUG:colcon.colcon_core.event_reactor:joined thread
[2.762s] INFO:colcon.colcon_core.shell:Creating prefix script '/home/trung/Project/Study/1st_year/3rd_sem/fundamental_robotics/week1/ros2_ws/install/local_setup.ps1'
[2.762s] INFO:colcon.colcon_core.shell:Creating prefix util module '/home/trung/Project/Study/1st_year/3rd_sem/fundamental_robotics/week1/ros2_ws/install/_local_setup_util_ps1.py'
[2.763s] INFO:colcon.colcon_core.shell:Creating prefix chain script '/home/trung/Project/Study/1st_year/3rd_sem/fundamental_robotics/week1/ros2_ws/install/setup.ps1'
[2.788s] INFO:colcon.colcon_core.shell:Creating prefix script '/home/trung/Project/Study/1st_year/3rd_sem/fundamental_robotics/week1/ros2_ws/install/local_setup.sh'
[2.788s] INFO:colcon.colcon_core.shell:Creating prefix util module '/home/trung/Project/Study/1st_year/3rd_sem/fundamental_robotics/week1/ros2_ws/install/_local_setup_util_sh.py'
[2.789s] INFO:colcon.colcon_core.shell:Creating prefix chain script '/home/trung/Project/Study/1st_year/3rd_sem/fundamental_robotics/week1/ros2_ws/install/setup.sh'
[2.813s] INFO:colcon.colcon_core.shell:Creating prefix script '/home/trung/Project/Study/1st_year/3rd_sem/fundamental_robotics/week1/ros2_ws/install/local_setup.bash'
[2.813s] INFO:colcon.colcon_core.shell:Creating prefix chain script '/home/trung/Project/Study/1st_year/3rd_sem/fundamental_robotics/week1/ros2_ws/install/setup.bash'
[2.839s] INFO:colcon.colcon_core.shell:Creating prefix script '/home/trung/Project/Study/1st_year/3rd_sem/fundamental_robotics/week1/ros2_ws/install/local_setup.zsh'
[2.840s] INFO:colcon.colcon_core.shell:Creating prefix chain script '/home/trung/Project/Study/1st_year/3rd_sem/fundamental_robotics/week1/ros2_ws/install/setup.zsh'
